0 info it worked if it ends with ok
1 verbose cli [ 'node', '/usr/bin/npm', 'install', 'handlebar' ]
2 info using npm@1.3.8
3 info using node@v0.10.16
4 verbose node symlink /usr/bin/node
5 verbose cache add [ 'handlebar', null ]
6 verbose cache add name=undefined spec="handlebar" args=["handlebar",null]
7 verbose parsed url { protocol: null,
7 verbose parsed url   slashes: null,
7 verbose parsed url   auth: null,
7 verbose parsed url   host: null,
7 verbose parsed url   port: null,
7 verbose parsed url   hostname: null,
7 verbose parsed url   hash: null,
7 verbose parsed url   search: null,
7 verbose parsed url   query: null,
7 verbose parsed url   pathname: 'handlebar',
7 verbose parsed url   path: 'handlebar',
7 verbose parsed url   href: 'handlebar' }
8 silly lockFile 4baa2081-handlebar handlebar
9 verbose lock handlebar /home/anthony/.npm/4baa2081-handlebar.lock
10 silly lockFile 4baa2081-handlebar handlebar
11 silly lockFile 4baa2081-handlebar handlebar
12 verbose addNamed [ 'handlebar', '' ]
13 verbose addNamed [ null, '*' ]
14 silly lockFile 7d1bea82-handlebar handlebar@
15 verbose lock handlebar@ /home/anthony/.npm/7d1bea82-handlebar.lock
16 silly addNameRange { name: 'handlebar', range: '*', hasData: false }
17 verbose url raw handlebar
18 verbose url resolving [ 'https://registry.npmjs.org/', './handlebar' ]
19 verbose url resolved https://registry.npmjs.org/handlebar
20 info trying registry request attempt 1 at 16:58:32
21 http GET https://registry.npmjs.org/handlebar
22 http 404 https://registry.npmjs.org/handlebar
23 silly registry.get cb [ 404,
23 silly registry.get   { server: 'CouchDB/1.3.0 (Erlang OTP/R15B03)',
23 silly registry.get     date: 'Tue, 20 Aug 2013 23:58:32 GMT',
23 silly registry.get     'content-type': 'application/json',
23 silly registry.get     'content-length': '52',
23 silly registry.get     'cache-control': 'must-revalidate' } ]
24 silly lockFile 7d1bea82-handlebar handlebar@
25 silly lockFile 7d1bea82-handlebar handlebar@
26 error 404 'handlebar' is not in the npm registry.
26 error 404 You should bug the author to publish it
26 error 404
26 error 404 Note that you can also install from a
26 error 404 tarball, folder, or http url, or git url.
27 error System Linux 3.5.0-39-generic
28 error command "node" "/usr/bin/npm" "install" "handlebar"
29 error cwd /home/anthony/Public/ember_todo
30 error node -v v0.10.16
31 error npm -v 1.3.8
32 error code E404
33 verbose exit [ 1, true ]
